<?xml version="1.0" encoding="UTF-8" ?>
<testsuite failures="0" time="0.003" errors="0" skipped="0" tests="1" name="pachong.pc.AppTest">
  <properties>
    <property name="java.runtime.name" value="Java(TM) SE Runtime Environment"/>
    <property name="sun.boot.library.path" value="F:\myeclipse2015\binary\com.sun.java.jdk7.win32.x86_64_1.7.0.u45\jre\bin"/>
    <property name="java.vm.version" value="24.45-b08"/>
    <property name="java.vm.vendor" value="Oracle Corporation"/>
    <property name="java.vendor.url" value="http://java.oracle.com/"/>
    <property name="path.separator" value=";"/>
    <property name="guice.disable.misplaced.annotation.check" value="true"/>
    <property name="java.vm.name" value="Java HotSpot(TM) 64-Bit Server VM"/>
    <property name="file.encoding.pkg" value="sun.io"/>
    <property name="user.script" value=""/>
    <property name="user.country" value="CN"/>
    <property name="sun.java.launcher" value="SUN_STANDARD"/>
    <property name="sun.os.patch.level" value=""/>
    <property name="java.vm.specification.name" value="Java Virtual Machine Specification"/>
    <property name="user.dir" value="F:\pachongmaven\pc"/>
    <property name="java.runtime.version" value="1.7.0_45-b18"/>
    <property name="java.awt.graphicsenv" value="sun.awt.Win32GraphicsEnvironment"/>
    <property name="java.endorsed.dirs" value="F:\myeclipse2015\binary\com.sun.java.jdk7.win32.x86_64_1.7.0.u45\jre\lib\endorsed"/>
    <property name="os.arch" value="amd64"/>
    <property name="java.io.tmpdir" value="C:\Users\zhang\AppData\Local\Temp\"/>
    <property name="line.separator" value="
"/>
    <property name="java.vm.specification.vendor" value="Oracle Corporation"/>
    <property name="user.variant" value=""/>
    <property name="os.name" value="Windows 8"/>
    <property name="classworlds.conf" value="F:\myeclipse2015\workspace\.metadata\.plugins\org.eclipse.m2e.launching\launches\m2conf5969964979646612427.tmp"/>
    <property name="sun.jnu.encoding" value="GBK"/>
    <property name="java.library.path" value="F:\myeclipse2015\binary\com.sun.java.jdk7.win32.x86_64_1.7.0.u45\bin;C:\Windows\Sun\Java\bin;C:\Windows\system32;C:\Windows;E:\Studytools\Java\jdk1.7.0_80\bin;H:\app\zhang\product\11.2.0\dbhome_1\bin;C:\Windows\system32;C:\Windows;C:\Windows\System32\Wbem;C:\Windows\System32\WindowsPowerShell\v1.0\;E:\Studytools\Java\jdk1.7.0_80\bin;E:\Studytools\Java\jdk1.7.0_80\jre\bin;E:\Studytools\mysql-5.6.32-winx64\bin;%CATALINA_HOME%lib;%CATALINA_HOME;%/bin;C:\MinGW\bin;E:\Studytools\Java\jdk1.7.0_80\jre\bin;F:\apache-maven-3.3.9\bin;C:\Program Files (x86)\VisualSVN Server\bin;C:\Program Files (x86)\Microsoft Visual Studio\Common\Tools\WinNT;C:\Program Files (x86)\Microsoft Visual Studio\Common\MSDev98\Bin;C:\Program Files (x86)\Microsoft Visual Studio\Common\Tools;C:\Program Files (x86)\Microsoft Visual Studio\VC98\bin;C:\Users\zhang\AppData\Local\Microsoft\WindowsApps;C:\ProgramData\zhang\atom\bin;C:\Program Files (x86)\SSH Communications Security\SSH Secure Shell;C:\Users\zhang\AppData\Local\GitHubDesktop\bin;C:\Users\zhang\AppData\Local\atom\bin;."/>
    <property name="java.specification.name" value="Java Platform API Specification"/>
    <property name="java.class.version" value="51.0"/>
    <property name="sun.management.compiler" value="HotSpot 64-Bit Tiered Compilers"/>
    <property name="os.version" value="6.2"/>
    <property name="user.home" value="C:\Users\zhang"/>
    <property name="user.timezone" value="Asia/Shanghai"/>
    <property name="java.awt.printerjob" value="sun.awt.windows.WPrinterJob"/>
    <property name="java.specification.version" value="1.7"/>
    <property name="file.encoding" value="GBK"/>
    <property name="user.name" value="zhang"/>
    <property name="java.class.path" value="/F:/myeclipse2015/plugins/org.eclipse.m2e.maven.runtime_1.5.0.20140605-2032/jars/plexus-classworlds-2.5.1.jar"/>
    <property name="org.slf4j.simpleLogger.defaultLogLevel" value="info"/>
    <property name="java.vm.specification.version" value="1.7"/>
    <property name="sun.arch.data.model" value="64"/>
    <property name="java.home" value="F:\myeclipse2015\binary\com.sun.java.jdk7.win32.x86_64_1.7.0.u45\jre"/>
    <property name="sun.java.command" value="org.codehaus.plexus.classworlds.launcher.Launcher -B install"/>
    <property name="java.specification.vendor" value="Oracle Corporation"/>
    <property name="user.language" value="zh"/>
    <property name="awt.toolkit" value="sun.awt.windows.WToolkit"/>
    <property name="java.vm.info" value="mixed mode"/>
    <property name="java.version" value="1.7.0_45"/>
    <property name="java.ext.dirs" value="F:\myeclipse2015\binary\com.sun.java.jdk7.win32.x86_64_1.7.0.u45\jre\lib\ext;C:\Windows\Sun\Java\lib\ext"/>
    <property name="sun.boot.class.path" value="F:\myeclipse2015\binary\com.sun.java.jdk7.win32.x86_64_1.7.0.u45\jre\lib\resources.jar;F:\myeclipse2015\binary\com.sun.java.jdk7.win32.x86_64_1.7.0.u45\jre\lib\rt.jar;F:\myeclipse2015\binary\com.sun.java.jdk7.win32.x86_64_1.7.0.u45\jre\lib\sunrsasign.jar;F:\myeclipse2015\binary\com.sun.java.jdk7.win32.x86_64_1.7.0.u45\jre\lib\jsse.jar;F:\myeclipse2015\binary\com.sun.java.jdk7.win32.x86_64_1.7.0.u45\jre\lib\jce.jar;F:\myeclipse2015\binary\com.sun.java.jdk7.win32.x86_64_1.7.0.u45\jre\lib\charsets.jar;F:\myeclipse2015\binary\com.sun.java.jdk7.win32.x86_64_1.7.0.u45\jre\lib\jfr.jar;F:\myeclipse2015\binary\com.sun.java.jdk7.win32.x86_64_1.7.0.u45\jre\classes"/>
    <property name="java.vendor" value="Oracle Corporation"/>
    <property name="maven.home" value="F:\pachongmaven\pc\EMBEDDED"/>
    <property name="file.separator" value="\"/>
    <property name="java.vendor.url.bug" value="http://bugreport.sun.com/bugreport/"/>
    <property name="sun.cpu.endian" value="little"/>
    <property name="sun.io.unicode.encoding" value="UnicodeLittle"/>
    <property name="sun.desktop" value="windows"/>
    <property name="sun.cpu.isalist" value="amd64"/>
  </properties>
  <testcase time="0.003" classname="pachong.pc.AppTest" name="testApp"/>
</testsuite>